<?xml version="1.0" encoding="UTF-8"?>
<!-- Generated by org.testng.reporters.JUnitReportReporter -->
<testsuite hostname="WKMCA7382527" failures="0" tests="2" name="pratice.HomeTest" time="20.632" errors="0" timestamp="2021-02-27T08:16:10 IST" skipped="0">
  <testcase classname="pratice.HomeTest" name="basePageNavigation" time="5.271"/>
  <system-out/>
  <testcase classname="pratice.HomeTest" name="basePageNavigation" time="15.361"/>
  <system-out/>
</testsuite> <!-- pratice.HomeTest -->
