<?xml version="1.0" encoding="UTF-8"?>
<!-- Generated by org.testng.reporters.JUnitReportReporter -->
<testsuite hostname="WKMCA7382527" failures="0" tests="1" name="qaclickacademy.AppiumTest" time="0.012" errors="0" timestamp="2021-02-06T17:37:26 IST" skipped="0">
  <testcase classname="qaclickacademy.AppiumTest" name="nativeAppAndroid" time="0.012"/>
  <system-out/>
</testsuite> <!-- qaclickacademy.AppiumTest -->
