<?xml version="1.0" encoding="UTF-8"?>
<!-- Generated by org.testng.reporters.JUnitReportReporter -->
<testsuite hostname="WKMCA7382527" failures="0" tests="4" name="cucumberOptions.TestRunner" time="67.035" errors="0" timestamp="2021-11-09T11:15:41 IST" skipped="0">
  <testcase classname="cucumberOptions.TestRunner" name="runScenario" time="17.888"/>
  <system-out/>
  <testcase classname="cucumberOptions.TestRunner" name="runScenario" time="15.712"/>
  <system-out/>
  <testcase classname="cucumberOptions.TestRunner" name="runScenario" time="16.614"/>
  <system-out/>
  <testcase classname="cucumberOptions.TestRunner" name="runScenario" time="16.821"/>
  <system-out/>
</testsuite> <!-- cucumberOptions.TestRunner -->
